Started POST "/api/v1/posts/1/comments" for ::1 at 2022-04-16 19:50:03 +0100
Processing by Api::V1::CommentsController#create as JSON
  Parameters: {"post_id"=>"1"}
Can't verify CSRF token authenticity.
  [1m[36mPost Load (0.6ms)[0m  [1m[34mSELECT "posts".* FROM "posts" WHERE "posts"."id" = $1 LIMIT $2[0m  [["id", 1], ["LIMIT", 1]]
  ↳ app/controllers/api/v1/comments_controller.rb:12:in `create'
  [1m[36mUser Load (0.9ms)[0m  [1m[34mSELECT "users".* FROM "users" WHERE "users"."id" = $1 LIMIT $2[0m  [["id", 1], ["LIMIT", 1]]
  ↳ app/controllers/api/v1/comments_controller.rb:13:in `create'
  [1m[36mTRANSACTION (0.2ms)[0m  [1m[35mBEGIN[0m
  ↳ app/controllers/api/v1/comments_controller.rb:17:in `create'
  [1m[36mComment Create (1.2ms)[0m  [1m[32mINSERT INTO "comments" ("text", "author_id", "post_id", "created_at", "updated_at") VALUES ($1, $2, $3, $4, $5) RETURNING "id"[0m  [["text", "all for one"], ["author_id", 1], ["post_id", 1], ["created_at", "2022-04-16 18:50:06.016017"], ["updated_at", "2022-04-16 18:50:06.016017"]]
  ↳ app/controllers/api/v1/comments_controller.rb:17:in `create'
  [1m[36mPost Update All (0.5ms)[0m  [1m[33mUPDATE "posts" SET "comments_counter" = COALESCE("comments_counter", 0) + $1 WHERE "posts"."id" = $2[0m  [["comments_counter", 1], ["id", 1]]
  ↳ app/models/comment.rb:10:in `update_post_comments_count'
  [1m[36mTRANSACTION (0.7ms)[0m  [1m[35mCOMMIT[0m
  ↳ app/controllers/api/v1/comments_controller.rb:17:in `create'
  [1m[36mTRANSACTION (0.1ms)[0m  [1m[35mBEGIN[0m
  ↳ app/models/comment.rb:10:in `update_post_comments_count'
  [1m[36mPost Update All (0.3ms)[0m  [1m[33mUPDATE "posts" SET "comments_counter" = COALESCE("comments_counter", 0) + $1 WHERE "posts"."id" = $2[0m  [["comments_counter", 1], ["id", 1]]
  ↳ app/models/comment.rb:10:in `update_post_comments_count'
  [1m[36mTRANSACTION (0.2ms)[0m  [1m[35mCOMMIT[0m
  ↳ app/controllers/api/v1/comments_controller.rb:19:in `create'
Completed 200 OK in 118ms (Views: 0.4ms | ActiveRecord: 11.9ms | Allocations: 21307)


